Mon Jul 22 14:13:17 SGT 2013: Cannot prepare working directory
Mon Jul 22 14:13:18 SGT 2013: Cannot save the workflow object: \root\we\working_dir\-2\-2.wfobj (The system cannot find the path specified)
Mon Jul 22 14:28:15 SGT 2013: Cannot prepare working directory
Mon Jul 22 14:28:15 SGT 2013: Cannot save the workflow object: \root\we\working_dir\-2\-2.wfobj (The system cannot find the path specified)
Mon Jul 22 14:28:30 SGT 2013: Cannot prepare working directory
Mon Jul 22 14:28:30 SGT 2013: Cannot save the workflow object: \root\we\working_dir\-2\-2.wfobj (The system cannot find the path specified)
Mon Jul 22 14:29:45 SGT 2013: Cannot prepare working directory
Mon Jul 22 14:29:45 SGT 2013: Cannot save the workflow object: \root\we\working_dir\-2\-2.wfobj (The system cannot find the path specified)
Mon Jul 22 14:30:06 SGT 2013: Cannot prepare working directory
Mon Jul 22 14:30:06 SGT 2013: Cannot save the workflow object: \root\we\working_dir\-2\-2.wfobj (The system cannot find the path specified)
Mon Jul 22 14:31:35 SGT 2013: Cannot prepare working directory
Mon Jul 22 14:31:35 SGT 2013: Cannot save the workflow object: \root\we\working_dir\-2\-2.wfobj (The system cannot find the path specified)
Tue Jul 23 14:45:39 SGT 2013: Cannot prepare working directory
Tue Jul 23 14:45:39 SGT 2013: Cannot save the workflow object: \root\we\working_dir\-2\-2.wfobj (The system cannot find the path specified)
Tue Jul 23 16:13:06 SGT 2013: Cannot prepare working directory
Tue Jul 23 16:13:06 SGT 2013: Cannot save the workflow object: \root\we\working_dir\-2\-2.wfobj (The system cannot find the path specified)
Tue Jul 23 17:36:46 SGT 2013: Cannot prepare working directory
Tue Jul 23 17:36:47 SGT 2013: Cannot save the workflow object: \root\we\working_dir\-2\-2.wfobj (The system cannot find the path specified)
Tue Jul 23 17:38:52 SGT 2013: Cannot prepare working directory
Tue Jul 23 17:38:52 SGT 2013: Cannot save the workflow object: \root\we\working_dir\-2\-2.wfobj (The system cannot find the path specified)
Tue Jul 23 21:10:41 WIT 2013: Cannot save the workflow object: /root/we/working_dir/-2/-2.wfobj (Permission denied)
Wed Jul 24 13:38:22 WIT 2013: Cannot save the workflow object: /root/we/working_dir/-2/-2.wfobj (Permission denied)
Wed Jul 24 13:39:09 WIT 2013: Cannot save the workflow object: /root/we/working_dir/-2/-2.wfobj (Permission denied)
Wed Jul 24 13:50:54 WIT 2013: Cannot save the workflow object: /root/we/working_dir/-2/-2.wfobj (Permission denied)
Wed Jul 24 13:52:57 WIT 2013: Cannot save the workflow object: /root/we/working_dir/-2/-2.wfobj (Permission denied)
Wed Jul 24 13:53:51 WIT 2013: Cannot save the workflow object: /root/we/working_dir/-2/-2.wfobj (Permission denied)
Wed Jul 24 14:08:54 WIT 2013: Cannot save the workflow object: /root/we/working_dir/-2/-2.wfobj (Permission denied)
Wed Jul 24 14:10:14 WIT 2013: Cannot save the workflow object: /root/we/working_dir/-2/-2.wfobj (Permission denied)
Wed Jul 24 15:53:48 WIT 2013: Cannot save the workflow object: /root/we/working_dir/-2/-2.wfobj (Permission denied)
Wed Jul 24 15:55:32 WIT 2013: Cannot save the workflow object: /root/we/working_dir/-2/-2.wfobj (Permission denied)
Wed Jul 24 16:11:35 WIT 2013: Cannot save the workflow object: /root/we/working_dir/-2/-2.wfobj (Permission denied)
Wed Jul 24 16:12:20 WIT 2013: Cannot save the workflow object: /root/we/working_dir/-2/-2.wfobj (Permission denied)
Wed Jul 24 16:12:54 WIT 2013: Cannot save the workflow object: /root/we/working_dir/-2/-2.wfobj (Permission denied)
Wed Jul 24 16:13:11 WIT 2013: Cannot save the workflow object: /root/we/working_dir/-2/-2.wfobj (Permission denied)
Wed Jul 24 16:16:51 WIT 2013: Cannot save the workflow object: /root/we/working_dir/-2/-2.wfobj (Permission denied)
Wed Jul 24 16:17:21 WIT 2013: Cannot save the workflow object: /root/we/working_dir/-2/-2.wfobj (Permission denied)
Wed Jul 24 16:17:59 WIT 2013: Cannot save the workflow object: /root/we/working_dir/-2/-2.wfobj (Permission denied)
Wed Jul 24 16:19:52 WIT 2013: Cannot save the workflow object: /root/we/working_dir/-2/-2.wfobj (Permission denied)
Wed Jul 24 16:20:08 WIT 2013: Cannot save the workflow object: /root/we/working_dir/-2/-2.wfobj (Permission denied)
Wed Jul 24 16:21:27 WIT 2013: Cannot save the workflow object: /root/we/working_dir/-2/-2.wfobj (Permission denied)
Wed Jul 24 16:21:42 WIT 2013: Cannot save the workflow object: /root/we/working_dir/-2/-2.wfobj (Permission denied)
Wed Jul 24 16:24:30 WIT 2013: Cannot save the workflow object: /root/we/working_dir/-2/-2.wfobj (Permission denied)
Wed Jul 24 16:24:50 WIT 2013: Cannot save the workflow object: /root/we/working_dir/-2/-2.wfobj (Permission denied)
Wed Jul 24 16:25:16 WIT 2013: Cannot save the workflow object: /root/we/working_dir/-2/-2.wfobj (Permission denied)
Wed Jul 24 16:27:33 WIT 2013: Cannot save the workflow object: /root/we/working_dir/-2/-2.wfobj (Permission denied)
Wed Jul 24 16:28:18 WIT 2013: Cannot save the workflow object: /root/we/working_dir/-2/-2.wfobj (Permission denied)
Wed Jul 24 16:30:18 WIT 2013: Cannot save the workflow object: /root/we/working_dir/-2/-2.wfobj (Permission denied)
